14:20:07.512 INFO - Selenium build info: version: '3.8.1', revision: '6e95a6684b'
14:20:07.513 INFO - Launching a standalone Selenium Server
2018-01-25 14:20:07.674:INFO::main: Logging initialized @494ms to org.seleniumhq.jetty9.util.log.StdErrLog
14:20:07.713 INFO - Using `new FirefoxOptions()` is preferred to `DesiredCapabilities.firefox()`
14:20:07.728 INFO - Using `new ChromeOptions()` is preferred to `DesiredCapabilities.chrome()`
14:20:07.730 INFO - Using `new EdgeOptions()` is preferred to `DesiredCapabilities.edge()`
14:20:07.731 INFO - Driver class not found: com.opera.core.systems.OperaDriver
14:20:07.731 INFO - Using `new OperaOptions()` is preferred to `DesiredCapabilities.operaBlink()`
14:20:07.732 INFO - Using `new SafariOptions()` is preferred to `DesiredCapabilities.safari()`
14:20:07.733 INFO - Driver class not found: org.openqa.selenium.phantomjs.PhantomJSDriver
14:20:07.769 INFO - Driver provider class org.openqa.selenium.safari.SafariDriver registration is skipped:
 registration capabilities Capabilities {browserName: safari, platform: MAC, version: } does not match the current platform WIN10
14:20:07.816 INFO - Using `new ChromeOptions()` is preferred to `DesiredCapabilities.chrome()`
14:20:07.817 INFO - Using `new EdgeOptions()` is preferred to `DesiredCapabilities.edge()`
14:20:07.817 INFO - Using `new FirefoxOptions()` is preferred to `DesiredCapabilities.firefox()`
14:20:07.817 INFO - Using `new OperaOptions()` is preferred to `DesiredCapabilities.operaBlink()`
14:20:07.817 INFO - Using `new SafariOptions()` is preferred to `DesiredCapabilities.safari()`
14:20:07.824 INFO - Using the passthrough mode handler
2018-01-25 14:20:07.844:INFO:osjs.Server:main: jetty-9.4.7.v20170914
2018-01-25 14:20:07.865:WARN:osjs.SecurityHandler:main: ServletContext@o.s.j.s.ServletContextHandler@6fa51cd4{/,null,STARTING} has uncovered http methods for path: /
2018-01-25 14:20:07.869:INFO:osjsh.ContextHandler:main: Started o.s.j.s.ServletContextHandler@6fa51cd4{/,null,AVAILABLE}
2018-01-25 14:20:07.976:INFO:osjs.AbstractConnector:main: Started ServerConnector@10289886{HTTP/1.1,[http/1.1]}{0.0.0.0:4444}
2018-01-25 14:20:07.976:INFO:osjs.Server:main: Started @797ms
14:20:07.976 INFO - Selenium Server is up and running
2018-01-25 14:20:08.237:INFO:osjshC.ROOT:qtp1610525991-15: org.openqa.selenium.remote.server.WebDriverServlet-61001b64: Initialising WebDriverServlet
14:20:08.281 INFO - Found handler: org.openqa.selenium.remote.server.commandhandler.BeginSession@47830fa9
14:20:08.286 INFO - /session: Executing POST on /session (handler: BeginSession)
14:20:08.343 INFO - Capabilities are: Capabilities {acceptSslCerts: true, browserName: chrome, javascriptEnabled: true, name: Koodo Test}
14:20:08.345 INFO - Capabilities {acceptSslCerts: true, browserName: chrome, javascriptEnabled: true, name: Koodo Test} matched class org.openqa.selenium.remote.server.ServicedSession$Factory (provider: org.openqa.selenium.chrome.ChromeDriverService)
Starting ChromeDriver (v2.9.248315) on port 11003
14:20:10.672 INFO - Detected dialect: OSS
14:20:11.385 INFO - Found handler: org.openqa.selenium.remote.server.ServicedSession@10c7843f
14:20:11.385 INFO - Handler thread for session 72d95d5c62c41c561015988835e72350 (chrome): Executing POST on /session/72d95d5c62c41c561015988835e72350/url (handler: ServicedSession)
14:20:11.388 INFO - To upstream: {"url":"https://www.koodomobile.com"}
14:20:11.400 INFO - To downstream: {"sessionId":"72d95d5c62c41c561015988835e72350","status":13,"value":{"message":"unknown error: Runtime.executionContextCreated has invalid 'context': {\"auxData\":{\"frameId\":\"11852.1\",\"isDefault\":true},\"id\":1,\"name\":\"\",\"origin\":\"://\"}\n  (Session info: chrome=62.0.3202.75)\n  (Driver info: chromedriver=2.9.248315,platform=Windows NT 6.3 x86_64)"}}
14:20:11.407 INFO - Found handler: org.openqa.selenium.remote.server.ServicedSession@10c7843f
14:20:11.407 INFO - Handler thread for session 72d95d5c62c41c561015988835e72350 (chrome): Executing POST on /session/72d95d5c62c41c561015988835e72350/elements (handler: ServicedSession)
14:20:11.409 INFO - To upstream: {"using":"css selector","value":"body"}
14:20:12.461 INFO - Found handler: org.openqa.selenium.remote.server.ServicedSession@10c7843f
14:20:12.462 INFO - Handler thread for session 72d95d5c62c41c561015988835e72350 (chrome): Executing DELETE on /session/72d95d5c62c41c561015988835e72350 (handler: ServicedSession)
14:20:13.483 INFO - Removing session org.openqa.selenium.remote.server.ServicedSession@10c7843f
